<?xml version="1.0" encoding="UTF-8"?>
<!-- Generated by org.testng.reporters.JUnitReportReporter -->
<testsuite hostname="DESKTOP-0OKIG40" failures="0" tests="1" name="testClasses.VerifyUserCanLogin" time="25.269" errors="0" timestamp="2022-10-13T18:51:41 IST" skipped="0">
  <testcase classname="testClasses.VerifyUserCanLogin" name="VerifyUserCanLogIn" time="25.269"/>
  <system-out>
    <![CDATA[Test started
Enterd Emil ID
Enterd Password
Test Passed]]>
  </system-out>
</testsuite> <!-- testClasses.VerifyUserCanLogin -->
